### 14.06.2019 21:41:20
Array
(
)



### 14.06.2019 21:41:49
Array
(
    [catalog] => Array
        (
            [0] => Чай
            [1] => Печенье
            [2] => Вафли
        )

)



### 14.06.2019 21:41:51
Array
(
    [catalog] => Array
        (
            [0] => Чай
            [1] => Печенье
            [2] => Вафли
        )

)



### 14.06.2019 21:41:52
Array
(
)



### 14.06.2019 21:41:52
Array
(
    [catalog] => Array
        (
            [0] => Чай
            [1] => Печенье
            [2] => Вафли
        )

)



